c:\users\6838\source\repos\calculator\calculator\x64\release\mainwindow.obj
c:\users\6838\source\repos\calculator\calculator\x64\release\main.obj
c:\users\6838\source\repos\calculator\calculator\x64\release\rsalayer.obj
c:\users\6838\source\repos\calculator\calculator\x64\release\getmouse.obj
c:\users\6838\source\repos\calculator\calculator\x64\release\calculatorlayer.obj
c:\users\6838\source\repos\calculator\calculator\x64\release\qrc_calculator.obj
c:\users\6838\source\repos\calculator\calculator\generatedfiles\release\moc_mainwindow.cpp
c:\users\6838\source\repos\calculator\calculator\generatedfiles\ui_calculator.h
c:\users\6838\source\repos\calculator\calculator\generatedfiles\qrc_calculator.cpp
c:\users\6838\source\repos\calculator\calculator\x64\release\alittlekit.tlog\cl.command.1.tlog
c:\users\6838\source\repos\calculator\calculator\x64\release\alittlekit.tlog\cl.read.1.tlog
c:\users\6838\source\repos\calculator\calculator\x64\release\alittlekit.tlog\cl.write.1.tlog
c:\users\6838\source\repos\calculator\calculator\x64\release\alittlekit.tlog\custombuild.command.1.tlog
c:\users\6838\source\repos\calculator\calculator\x64\release\alittlekit.tlog\custombuild.read.1.tlog
c:\users\6838\source\repos\calculator\calculator\x64\release\alittlekit.tlog\custombuild.write.1.tlog
c:\users\6838\source\repos\calculator\calculator\x64\release\alittlekit.tlog\link-cvtres.read.1.tlog
c:\users\6838\source\repos\calculator\calculator\x64\release\alittlekit.tlog\link-cvtres.write.1.tlog
c:\users\6838\source\repos\calculator\calculator\x64\release\alittlekit.tlog\link-rc.read.1.tlog
c:\users\6838\source\repos\calculator\calculator\x64\release\alittlekit.tlog\link-rc.write.1.tlog
c:\users\6838\source\repos\calculator\calculator\x64\release\alittlekit.tlog\link.command.1.tlog
c:\users\6838\source\repos\calculator\calculator\x64\release\alittlekit.tlog\link.read.1.tlog
c:\users\6838\source\repos\calculator\calculator\x64\release\alittlekit.tlog\link.write.1.tlog
