c:\users\6838\source\repos\calculator\calculator\x64\debug\vc141.pdb
c:\users\6838\source\repos\calculator\calculator\x64\debug\qrc_calculator.obj
c:\users\6838\source\repos\calculator\calculator\x64\debug\main.obj
c:\users\6838\source\repos\calculator\calculator\x64\debug\moc_calculator.obj
c:\users\6838\source\repos\calculator\calculator\x64\debug\calculator.obj
c:\users\6838\source\repos\calculator\calculator\x64\debug\rsa.obj
c:\users\6838\source\repos\calculator\calculator\x64\debug\moc_mainwindow.obj
c:\users\6838\source\repos\calculator\calculator\x64\debug\rsalabel.obj
c:\users\6838\source\repos\calculator\calculator\x64\debug\mainwindow.obj
c:\users\6838\source\repos\calculator\calculator\x64\debug\rsalayer.obj
c:\users\6838\source\repos\calculator\calculator\x64\debug\calculatorlayer.obj
c:\users\6838\source\repos\calculator\calculator\x64\debug\getmouse.obj
c:\users\6838\source\repos\calculator\calculator\generatedfiles\ui_calculator.h
c:\users\6838\source\repos\calculator\calculator\generatedfiles\qrc_calculator.cpp
c:\users\6838\source\repos\calculator\calculator\generatedfiles\debug\moc_mainwindow.cpp
c:\users\6838\source\repos\calculator\x64\debug\calculator.exe
c:\users\6838\source\repos\calculator\x64\debug\calculator.ilk
c:\users\6838\source\repos\calculator\x64\debug\calculator.pdb
c:\users\6838\source\repos\calculator\calculator\x64\debug\calculator.tlog\cl.command.1.tlog
c:\users\6838\source\repos\calculator\calculator\x64\debug\calculator.tlog\cl.read.1.tlog
c:\users\6838\source\repos\calculator\calculator\x64\debug\calculator.tlog\cl.write.1.tlog
c:\users\6838\source\repos\calculator\calculator\x64\debug\calculator.tlog\custombuild.command.1.tlog
c:\users\6838\source\repos\calculator\calculator\x64\debug\calculator.tlog\custombuild.read.1.tlog
c:\users\6838\source\repos\calculator\calculator\x64\debug\calculator.tlog\custombuild.write.1.tlog
c:\users\6838\source\repos\calculator\calculator\x64\debug\calculator.tlog\link.command.1.tlog
c:\users\6838\source\repos\calculator\calculator\x64\debug\calculator.tlog\link.read.1.tlog
c:\users\6838\source\repos\calculator\calculator\x64\debug\calculator.tlog\link.write.1.tlog
